<?xml version="1.0" encoding="UTF-8"?>
<testsuite name="BullsCowsTest" tests="1" skipped="0" failures="0" errors="0" timestamp="2022-07-26T10:04:07" hostname="pop-os" time="2.238">
  <properties/>
  <testcase name="start" classname="BullsCowsTest" time="2.238"/>
  <system-out><![CDATA[?[1;31m
Start test 1?[0m
Please, enter the secret code's length:
> 1
Okay, let's start a game!
Turn 1:
> 0
2
Grade: None..
Turn 2:
> 1
2
Grade: None..
Turn 3:
> 2
2
Grade: 1 bull(s)..
Congratulations! You guessed the secret code.
?[1;31m
Start test 2?[0m
Please, enter the secret code's length:
> 4
Okay, let's start a game!
Turn 1:
> 0000
3624
Grade: None..
Turn 2:
> 1111
3624
Grade: None..
Turn 3:
> 2222
3624
Grade: 1 bull(s) and 3 cow(s)..
Turn 4:
> 3333
3624
Grade: 1 bull(s) and 3 cow(s)..
Turn 5:
> 4444
3624
Grade: 1 bull(s) and 3 cow(s)..
Turn 6:
> 5555
3624
Grade: None..
Turn 7:
> 6666
3624
Grade: 1 bull(s) and 3 cow(s)..
Turn 8:
> 2346
3624
Grade: 4 cow(s)..
Turn 9:
> 3246
3624
Grade: 1 bull(s) and 3 cow(s)..
Turn 10:
> 4236
3624
Grade: 4 cow(s)..
Turn 11:
> 2436
3624
Grade: 4 cow(s)..
Turn 12:
> 3426
3624
Grade: 2 bull(s) and 2 cow(s)..
Turn 13:
> 4326
3624
Grade: 1 bull(s) and 3 cow(s)..
Turn 14:
> 6324
3624
Grade: 2 bull(s) and 2 cow(s)..
Turn 15:
> 3624
3624
Grade: 4 bull(s)..
Congratulations! You guessed the secret code.
?[1;31m
Start test 3?[0m
Please, enter the secret code's length:
> 6
Okay, let's start a game!
Turn 1:
> 000000
312875
Grade: None..
Turn 2:
> 111111
312875
Grade: 1 bull(s) and 5 cow(s)..
Turn 3:
> 222222
312875
Grade: 1 bull(s) and 5 cow(s)..
Turn 4:
> 333333
312875
Grade: 1 bull(s) and 5 cow(s)..
Turn 5:
> 444444
312875
Grade: None..
Turn 6:
> 555555
312875
Grade: 1 bull(s) and 5 cow(s)..
Turn 7:
> 666666
312875
Grade: None..
Turn 8:
> 777777
312875
Grade: 1 bull(s) and 5 cow(s)..
Turn 9:
> 888888
312875
Grade: 1 bull(s) and 5 cow(s)..
Turn 10:
> 123578
312875
Grade: 1 bull(s) and 5 cow(s)..
Turn 11:
> 213578
312875
Grade: 2 bull(s) and 4 cow(s)..
Turn 12:
> 312578
312875
Grade: 4 bull(s) and 2 cow(s)..
Turn 13:
> 132578
312875
Grade: 2 bull(s) and 4 cow(s)..
Turn 14:
> 231578
312875
Grade: 1 bull(s) and 5 cow(s)..
Turn 15:
> 321578
312875
Grade: 2 bull(s) and 4 cow(s)..
Turn 16:
> 521378
312875
Grade: 1 bull(s) and 5 cow(s)..
Turn 17:
> 251378
312875
Grade: 1 bull(s) and 5 cow(s)..
Turn 18:
> 152378
312875
Grade: 2 bull(s) and 4 cow(s)..
Turn 19:
> 512378
312875
Grade: 3 bull(s) and 3 cow(s)..
Turn 20:
> 215378
312875
Grade: 2 bull(s) and 4 cow(s)..
Turn 21:
> 125378
312875
Grade: 1 bull(s) and 5 cow(s)..
Turn 22:
> 135278
312875
Grade: 1 bull(s) and 5 cow(s)..
Turn 23:
> 315278
312875
Grade: 3 bull(s) and 3 cow(s)..
Turn 24:
> 513278
312875
Grade: 2 bull(s) and 4 cow(s)..
Turn 25:
> 153278
312875
Grade: 1 bull(s) and 5 cow(s)..
Turn 26:
> 351278
312875
Grade: 2 bull(s) and 4 cow(s)..
Turn 27:
> 531278
312875
Grade: 1 bull(s) and 5 cow(s)..
Turn 28:
> 532178
312875
Grade: 2 bull(s) and 4 cow(s)..
Turn 29:
> 352178
312875
Grade: 3 bull(s) and 3 cow(s)..
Turn 30:
> 253178
312875
Grade: 1 bull(s) and 5 cow(s)..
Turn 31:
> 523178
312875
Grade: 1 bull(s) and 5 cow(s)..
Turn 32:
> 325178
312875
Grade: 2 bull(s) and 4 cow(s)..
Turn 33:
> 235178
312875
Grade: 1 bull(s) and 5 cow(s)..
Turn 34:
> 735128
312875
Grade: 6 cow(s)..
Turn 35:
> 375128
312875
Grade: 1 bull(s) and 5 cow(s)..
Turn 36:
> 573128
312875
Grade: 6 cow(s)..
Turn 37:
> 753128
312875
Grade: 6 cow(s)..
Turn 38:
> 357128
312875
Grade: 1 bull(s) and 5 cow(s)..
Turn 39:
> 537128
312875
Grade: 6 cow(s)..
Turn 40:
> 137528
312875
Grade: 6 cow(s)..
Turn 41:
> 317528
312875
Grade: 2 bull(s) and 4 cow(s)..
Turn 42:
> 713528
312875
Grade: 1 bull(s) and 5 cow(s)..
Turn 43:
> 173528
312875
Grade: 6 cow(s)..
Turn 44:
> 371528
312875
Grade: 1 bull(s) and 5 cow(s)..
Turn 45:
> 731528
312875
Grade: 6 cow(s)..
Turn 46:
> 751328
312875
Grade: 6 cow(s)..
Turn 47:
> 571328
312875
Grade: 6 cow(s)..
Turn 48:
> 175328
312875
Grade: 6 cow(s)..
Turn 49:
> 715328
312875
Grade: 1 bull(s) and 5 cow(s)..
Turn 50:
> 517328
312875
Grade: 1 bull(s) and 5 cow(s)..
Turn 51:
> 157328
312875
Grade: 6 cow(s)..
Turn 52:
> 153728
312875
Grade: 6 cow(s)..
Turn 53:
> 513728
312875
Grade: 1 bull(s) and 5 cow(s)..
Turn 54:
> 315728
312875
Grade: 2 bull(s) and 4 cow(s)..
Turn 55:
> 135728
312875
Grade: 6 cow(s)..
Turn 56:
> 531728
312875
Grade: 6 cow(s)..
Turn 57:
> 351728
312875
Grade: 1 bull(s) and 5 cow(s)..
Turn 58:
> 251738
312875
Grade: 6 cow(s)..
Turn 59:
> 521738
312875
Grade: 6 cow(s)..
Turn 60:
> 125738
312875
Grade: 6 cow(s)..
Turn 61:
> 215738
312875
Grade: 1 bull(s) and 5 cow(s)..
Turn 62:
> 512738
312875
Grade: 2 bull(s) and 4 cow(s)..
Turn 63:
> 152738
312875
Grade: 1 bull(s) and 5 cow(s)..
Turn 64:
> 752138
312875
Grade: 1 bull(s) and 5 cow(s)..
Turn 65:
> 572138
312875
Grade: 1 bull(s) and 5 cow(s)..
Turn 66:
> 275138
312875
Grade: 6 cow(s)..
Turn 67:
> 725138
312875
Grade: 6 cow(s)..
Turn 68:
> 527138
312875
Grade: 6 cow(s)..
Turn 69:
> 257138
312875
Grade: 6 cow(s)..
Turn 70:
> 217538
312875
Grade: 1 bull(s) and 5 cow(s)..
Turn 71:
> 127538
312875
Grade: 6 cow(s)..
Turn 72:
> 721538
312875
Grade: 6 cow(s)..
Turn 73:
> 271538
312875
Grade: 6 cow(s)..
Turn 74:
> 172538
312875
Grade: 1 bull(s) and 5 cow(s)..
Turn 75:
> 712538
312875
Grade: 2 bull(s) and 4 cow(s)..
Turn 76:
> 715238
312875
Grade: 1 bull(s) and 5 cow(s)..
Turn 77:
> 175238
312875
Grade: 6 cow(s)..
Turn 78:
> 571238
312875
Grade: 6 cow(s)..
Turn 79:
> 751238
312875
Grade: 6 cow(s)..
Turn 80:
> 157238
312875
Grade: 6 cow(s)..
Turn 81:
> 517238
312875
Grade: 1 bull(s) and 5 cow(s)..
Turn 82:
> 317258
312875
Grade: 2 bull(s) and 4 cow(s)..
Turn 83:
> 137258
312875
Grade: 6 cow(s)..
Turn 84:
> 731258
312875
Grade: 6 cow(s)..
Turn 85:
> 371258
312875
Grade: 1 bull(s) and 5 cow(s)..
Turn 86:
> 173258
312875
Grade: 6 cow(s)..
Turn 87:
> 713258
312875
Grade: 1 bull(s) and 5 cow(s)..
Turn 88:
> 213758
312875
Grade: 1 bull(s) and 5 cow(s)..
Turn 89:
> 123758
312875
Grade: 6 cow(s)..
Turn 90:
> 321758
312875
Grade: 1 bull(s) and 5 cow(s)..
Turn 91:
> 231758
312875
Grade: 6 cow(s)..
Turn 92:
> 132758
312875
Grade: 1 bull(s) and 5 cow(s)..
Turn 93:
> 312758
312875
Grade: 3 bull(s) and 3 cow(s)..
Turn 94:
> 372158
312875
Grade: 2 bull(s) and 4 cow(s)..
Turn 95:
> 732158
312875
Grade: 1 bull(s) and 5 cow(s)..
Turn 96:
> 237158
312875
Grade: 6 cow(s)..
Turn 97:
> 327158
312875
Grade: 1 bull(s) and 5 cow(s)..
Turn 98:
> 723158
312875
Grade: 6 cow(s)..
Turn 99:
> 273158
312875
Grade: 6 cow(s)..
Turn 100:
> 271358
312875
Grade: 6 cow(s)..
Turn 101:
> 721358
312875
Grade: 6 cow(s)..
Turn 102:
> 127358
312875
Grade: 6 cow(s)..
Turn 103:
> 217358
312875
Grade: 1 bull(s) and 5 cow(s)..
Turn 104:
> 712358
312875
Grade: 2 bull(s) and 4 cow(s)..
Turn 105:
> 172358
312875
Grade: 1 bull(s) and 5 cow(s)..
Turn 106:
> 572318
312875
Grade: 1 bull(s) and 5 cow(s)..
Turn 107:
> 752318
312875
Grade: 1 bull(s) and 5 cow(s)..
Turn 108:
> 257318
312875
Grade: 6 cow(s)..
Turn 109:
> 527318
312875
Grade: 6 cow(s)..
Turn 110:
> 725318
312875
Grade: 6 cow(s)..
Turn 111:
> 275318
312875
Grade: 6 cow(s)..
Turn 112:
> 375218
312875
Grade: 1 bull(s) and 5 cow(s)..
Turn 113:
> 735218
312875
Grade: 6 cow(s)..
Turn 114:
> 537218
312875
Grade: 6 cow(s)..
Turn 115:
> 357218
312875
Grade: 1 bull(s) and 5 cow(s)..
Turn 116:
> 753218
312875
Grade: 6 cow(s)..
Turn 117:
> 573218
312875
Grade: 6 cow(s)..
Turn 118:
> 523718
312875
Grade: 6 cow(s)..
Turn 119:
> 253718
312875
Grade: 6 cow(s)..
Turn 120:
> 352718
312875
Grade: 2 bull(s) and 4 cow(s)..
Turn 121:
> 532718
312875
Grade: 1 bull(s) and 5 cow(s)..
Turn 122:
> 235718
312875
Grade: 6 cow(s)..
Turn 123:
> 325718
312875
Grade: 1 bull(s) and 5 cow(s)..
Turn 124:
> 327518
312875
Grade: 1 bull(s) and 5 cow(s)..
Turn 125:
> 237518
312875
Grade: 6 cow(s)..
Turn 126:
> 732518
312875
Grade: 1 bull(s) and 5 cow(s)..
Turn 127:
> 372518
312875
Grade: 2 bull(s) and 4 cow(s)..
Turn 128:
> 273518
312875
Grade: 6 cow(s)..
Turn 129:
> 723518
312875
Grade: 6 cow(s)..
Turn 130:
> 823517
312875
Grade: 6 cow(s)..
Turn 131:
> 283517
312875
Grade: 6 cow(s)..
Turn 132:
> 382517
312875
Grade: 2 bull(s) and 4 cow(s)..
Turn 133:
> 832517
312875
Grade: 1 bull(s) and 5 cow(s)..
Turn 134:
> 238517
312875
Grade: 6 cow(s)..
Turn 135:
> 328517
312875
Grade: 1 bull(s) and 5 cow(s)..
Turn 136:
> 528317
312875
Grade: 6 cow(s)..
Turn 137:
> 258317
312875
Grade: 6 cow(s)..
Turn 138:
> 852317
312875
Grade: 1 bull(s) and 5 cow(s)..
Turn 139:
> 582317
312875
Grade: 1 bull(s) and 5 cow(s)..
Turn 140:
> 285317
312875
Grade: 6 cow(s)..
Turn 141:
> 825317
312875
Grade: 6 cow(s)..
Turn 142:
> 835217
312875
Grade: 6 cow(s)..
Turn 143:
> 385217
312875
Grade: 1 bull(s) and 5 cow(s)..
Turn 144:
> 583217
312875
Grade: 6 cow(s)..
Turn 145:
> 853217
312875
Grade: 6 cow(s)..
Turn 146:
> 358217
312875
Grade: 1 bull(s) and 5 cow(s)..
Turn 147:
> 538217
312875
Grade: 6 cow(s)..
Turn 148:
> 532817
312875
Grade: 2 bull(s) and 4 cow(s)..
Turn 149:
> 352817
312875
Grade: 3 bull(s) and 3 cow(s)..
Turn 150:
> 253817
312875
Grade: 1 bull(s) and 5 cow(s)..
Turn 151:
> 523817
312875
Grade: 1 bull(s) and 5 cow(s)..
Turn 152:
> 325817
312875
Grade: 2 bull(s) and 4 cow(s)..
Turn 153:
> 235817
312875
Grade: 1 bull(s) and 5 cow(s)..
Turn 154:
> 135827
312875
Grade: 1 bull(s) and 5 cow(s)..
Turn 155:
> 315827
312875
Grade: 3 bull(s) and 3 cow(s)..
Turn 156:
> 513827
312875
Grade: 2 bull(s) and 4 cow(s)..
Turn 157:
> 153827
312875
Grade: 1 bull(s) and 5 cow(s)..
Turn 158:
> 351827
312875
Grade: 2 bull(s) and 4 cow(s)..
Turn 159:
> 531827
312875
Grade: 1 bull(s) and 5 cow(s)..
Turn 160:
> 831527
312875
Grade: 6 cow(s)..
Turn 161:
> 381527
312875
Grade: 1 bull(s) and 5 cow(s)..
Turn 162:
> 183527
312875
Grade: 6 cow(s)..
Turn 163:
> 813527
312875
Grade: 1 bull(s) and 5 cow(s)..
Turn 164:
> 318527
312875
Grade: 2 bull(s) and 4 cow(s)..
Turn 165:
> 138527
312875
Grade: 6 cow(s)..
Turn 166:
> 158327
312875
Grade: 6 cow(s)..
Turn 167:
> 518327
312875
Grade: 1 bull(s) and 5 cow(s)..
Turn 168:
> 815327
312875
Grade: 1 bull(s) and 5 cow(s)..
Turn 169:
> 185327
312875
Grade: 6 cow(s)..
Turn 170:
> 581327
312875
Grade: 6 cow(s)..
Turn 171:
> 851327
312875
Grade: 6 cow(s)..
Turn 172:
> 853127
312875
Grade: 6 cow(s)..
Turn 173:
> 583127
312875
Grade: 6 cow(s)..
Turn 174:
> 385127
312875
Grade: 1 bull(s) and 5 cow(s)..
Turn 175:
> 835127
312875
Grade: 6 cow(s)..
Turn 176:
> 538127
312875
Grade: 6 cow(s)..
Turn 177:
> 358127
312875
Grade: 1 bull(s) and 5 cow(s)..
Turn 178:
> 258137
312875
Grade: 6 cow(s)..
Turn 179:
> 528137
312875
Grade: 6 cow(s)..
Turn 180:
> 825137
312875
Grade: 6 cow(s)..
Turn 181:
> 285137
312875
Grade: 6 cow(s)..
Turn 182:
> 582137
312875
Grade: 1 bull(s) and 5 cow(s)..
Turn 183:
> 852137
312875
Grade: 1 bull(s) and 5 cow(s)..
Turn 184:
> 152837
312875
Grade: 2 bull(s) and 4 cow(s)..
Turn 185:
> 512837
312875
Grade: 3 bull(s) and 3 cow(s)..
Turn 186:
> 215837
312875
Grade: 2 bull(s) and 4 cow(s)..
Turn 187:
> 125837
312875
Grade: 1 bull(s) and 5 cow(s)..
Turn 188:
> 521837
312875
Grade: 1 bull(s) and 5 cow(s)..
Turn 189:
> 251837
312875
Grade: 1 bull(s) and 5 cow(s)..
Turn 190:
> 281537
312875
Grade: 6 cow(s)..
Turn 191:
> 821537
312875
Grade: 6 cow(s)..
Turn 192:
> 128537
312875
Grade: 6 cow(s)..
Turn 193:
> 218537
312875
Grade: 1 bull(s) and 5 cow(s)..
Turn 194:
> 812537
312875
Grade: 2 bull(s) and 4 cow(s)..
Turn 195:
> 182537
312875
Grade: 1 bull(s) and 5 cow(s)..
Turn 196:
> 185237
312875
Grade: 6 cow(s)..
Turn 197:
> 815237
312875
Grade: 1 bull(s) and 5 cow(s)..
Turn 198:
> 518237
312875
Grade: 1 bull(s) and 5 cow(s)..
Turn 199:
> 158237
312875
Grade: 6 cow(s)..
Turn 200:
> 851237
312875
Grade: 6 cow(s)..
Turn 201:
> 581237
312875
Grade: 6 cow(s)..
Turn 202:
> 381257
312875
Grade: 1 bull(s) and 5 cow(s)..
Turn 203:
> 831257
312875
Grade: 6 cow(s)..
Turn 204:
> 138257
312875
Grade: 6 cow(s)..
Turn 205:
> 318257
312875
Grade: 2 bull(s) and 4 cow(s)..
Turn 206:
> 813257
312875
Grade: 1 bull(s) and 5 cow(s)..
Turn 207:
> 183257
312875
Grade: 6 cow(s)..
Turn 208:
> 283157
312875
Grade: 6 cow(s)..
Turn 209:
> 823157
312875
Grade: 6 cow(s)..
Turn 210:
> 328157
312875
Grade: 1 bull(s) and 5 cow(s)..
Turn 211:
> 238157
312875
Grade: 6 cow(s)..
Turn 212:
> 832157
312875
Grade: 1 bull(s) and 5 cow(s)..
Turn 213:
> 382157
312875
Grade: 2 bull(s) and 4 cow(s)..
Turn 214:
> 312857
312875
Grade: 4 bull(s) and 2 cow(s)..
Turn 215:
> 132857
312875
Grade: 2 bull(s) and 4 cow(s)..
Turn 216:
> 231857
312875
Grade: 1 bull(s) and 5 cow(s)..
Turn 217:
> 321857
312875
Grade: 2 bull(s) and 4 cow(s)..
Turn 218:
> 123857
312875
Grade: 1 bull(s) and 5 cow(s)..
Turn 219:
> 213857
312875
Grade: 2 bull(s) and 4 cow(s)..
Turn 220:
> 218357
312875
Grade: 1 bull(s) and 5 cow(s)..
Turn 221:
> 128357
312875
Grade: 6 cow(s)..
Turn 222:
> 821357
312875
Grade: 6 cow(s)..
Turn 223:
> 281357
312875
Grade: 6 cow(s)..
Turn 224:
> 182357
312875
Grade: 1 bull(s) and 5 cow(s)..
Turn 225:
> 812357
312875
Grade: 2 bull(s) and 4 cow(s)..
Turn 226:
> 512387
312875
Grade: 2 bull(s) and 4 cow(s)..
Turn 227:
> 152387
312875
Grade: 1 bull(s) and 5 cow(s)..
Turn 228:
> 251387
312875
Grade: 6 cow(s)..
Turn 229:
> 521387
312875
Grade: 6 cow(s)..
Turn 230:
> 125387
312875
Grade: 6 cow(s)..
Turn 231:
> 215387
312875
Grade: 1 bull(s) and 5 cow(s)..
Turn 232:
> 315287
312875
Grade: 2 bull(s) and 4 cow(s)..
Turn 233:
> 135287
312875
Grade: 6 cow(s)..
Turn 234:
> 531287
312875
Grade: 6 cow(s)..
Turn 235:
> 351287
312875
Grade: 1 bull(s) and 5 cow(s)..
Turn 236:
> 153287
312875
Grade: 6 cow(s)..
Turn 237:
> 513287
312875
Grade: 1 bull(s) and 5 cow(s)..
Turn 238:
> 523187
312875
Grade: 6 cow(s)..
Turn 239:
> 253187
312875
Grade: 6 cow(s)..
Turn 240:
> 352187
312875
Grade: 2 bull(s) and 4 cow(s)..
Turn 241:
> 532187
312875
Grade: 1 bull(s) and 5 cow(s)..
Turn 242:
> 235187
312875
Grade: 6 cow(s)..
Turn 243:
> 325187
312875
Grade: 1 bull(s) and 5 cow(s)..
Turn 244:
> 321587
312875
Grade: 1 bull(s) and 5 cow(s)..
Turn 245:
> 231587
312875
Grade: 6 cow(s)..
Turn 246:
> 132587
312875
Grade: 1 bull(s) and 5 cow(s)..
Turn 247:
> 312587
312875
Grade: 3 bull(s) and 3 cow(s)..
Turn 248:
> 213587
312875
Grade: 1 bull(s) and 5 cow(s)..
Turn 249:
> 123587
312875
Grade: 6 cow(s)..
Turn 250:
> 173582
312875
Grade: 6 cow(s)..
Turn 251:
> 713582
312875
Grade: 1 bull(s) and 5 cow(s)..
Turn 252:
> 317582
312875
Grade: 2 bull(s) and 4 cow(s)..
Turn 253:
> 137582
312875
Grade: 6 cow(s)..
Turn 254:
> 731582
312875
Grade: 6 cow(s)..
Turn 255:
> 371582
312875
Grade: 1 bull(s) and 5 cow(s)..
Turn 256:
> 571382
312875
Grade: 6 cow(s)..
Turn 257:
> 751382
312875
Grade: 6 cow(s)..
Turn 258:
> 157382
312875
Grade: 6 cow(s)..
Turn 259:
> 517382
312875
Grade: 1 bull(s) and 5 cow(s)..
Turn 260:
> 715382
312875
Grade: 1 bull(s) and 5 cow(s)..
Turn 261:
> 175382
312875
Grade: 6 cow(s)..
Turn 262:
> 135782
312875
Grade: 6 cow(s)..
Turn 263:
> 315782
312875
Grade: 2 bull(s) and 4 cow(s)..
Turn 264:
> 513782
312875
Grade: 1 bull(s) and 5 cow(s)..
Turn 265:
> 153782
312875
Grade: 6 cow(s)..
Turn 266:
> 351782
312875
Grade: 1 bull(s) and 5 cow(s)..
Turn 267:
> 531782
312875
Grade: 6 cow(s)..
Turn 268:
> 537182
312875
Grade: 6 cow(s)..
Turn 269:
> 357182
312875
Grade: 1 bull(s) and 5 cow(s)..
Turn 270:
> 753182
312875
Grade: 6 cow(s)..
Turn 271:
> 573182
312875
Grade: 6 cow(s)..
Turn 272:
> 375182
312875
Grade: 1 bull(s) and 5 cow(s)..
Turn 273:
> 735182
312875
Grade: 6 cow(s)..
Turn 274:
> 835172
312875
Grade: 1 bull(s) and 5 cow(s)..
Turn 275:
> 385172
312875
Grade: 2 bull(s) and 4 cow(s)..
Turn 276:
> 583172
312875
Grade: 1 bull(s) and 5 cow(s)..
Turn 277:
> 853172
312875
Grade: 1 bull(s) and 5 cow(s)..
Turn 278:
> 358172
312875
Grade: 2 bull(s) and 4 cow(s)..
Turn 279:
> 538172
312875
Grade: 1 bull(s) and 5 cow(s)..
Turn 280:
> 138572
312875
Grade: 1 bull(s) and 5 cow(s)..
Turn 281:
> 318572
312875
Grade: 3 bull(s) and 3 cow(s)..
Turn 282:
> 813572
312875
Grade: 2 bull(s) and 4 cow(s)..
Turn 283:
> 183572
312875
Grade: 1 bull(s) and 5 cow(s)..
Turn 284:
> 381572
312875
Grade: 2 bull(s) and 4 cow(s)..
Turn 285:
> 831572
312875
Grade: 1 bull(s) and 5 cow(s)..
Turn 286:
> 851372
312875
Grade: 1 bull(s) and 5 cow(s)..
Turn 287:
> 581372
312875
Grade: 1 bull(s) and 5 cow(s)..
Turn 288:
> 185372
312875
Grade: 1 bull(s) and 5 cow(s)..
Turn 289:
> 815372
312875
Grade: 2 bull(s) and 4 cow(s)..
Turn 290:
> 518372
312875
Grade: 2 bull(s) and 4 cow(s)..
Turn 291:
> 158372
312875
Grade: 1 bull(s) and 5 cow(s)..
Turn 292:
> 153872
312875
Grade: 2 bull(s) and 4 cow(s)..
Turn 293:
> 513872
312875
Grade: 3 bull(s) and 3 cow(s)..
Turn 294:
> 315872
312875
Grade: 4 bull(s) and 2 cow(s)..
Turn 295:
> 135872
312875
Grade: 2 bull(s) and 4 cow(s)..
Turn 296:
> 531872
312875
Grade: 2 bull(s) and 4 cow(s)..
Turn 297:
> 351872
312875
Grade: 3 bull(s) and 3 cow(s)..
Turn 298:
> 751832
312875
Grade: 1 bull(s) and 5 cow(s)..
Turn 299:
> 571832
312875
Grade: 1 bull(s) and 5 cow(s)..
Turn 300:
> 175832
312875
Grade: 1 bull(s) and 5 cow(s)..
Turn 301:
> 715832
312875
Grade: 2 bull(s) and 4 cow(s)..
Turn 302:
> 517832
312875
Grade: 2 bull(s) and 4 cow(s)..
Turn 303:
> 157832
312875
Grade: 1 bull(s) and 5 cow(s)..
Turn 304:
> 857132
312875
Grade: 6 cow(s)..
Turn 305:
> 587132
312875
Grade: 6 cow(s)..
Turn 306:
> 785132
312875
Grade: 6 cow(s)..
Turn 307:
> 875132
312875
Grade: 6 cow(s)..
Turn 308:
> 578132
312875
Grade: 6 cow(s)..
Turn 309:
> 758132
312875
Grade: 6 cow(s)..
Turn 310:
> 718532
312875
Grade: 1 bull(s) and 5 cow(s)..
Turn 311:
> 178532
312875
Grade: 6 cow(s)..
Turn 312:
> 871532
312875
Grade: 6 cow(s)..
Turn 313:
> 781532
312875
Grade: 6 cow(s)..
Turn 314:
> 187532
312875
Grade: 6 cow(s)..
Turn 315:
> 817532
312875
Grade: 1 bull(s) and 5 cow(s)..
Turn 316:
> 815732
312875
Grade: 1 bull(s) and 5 cow(s)..
Turn 317:
> 185732
312875
Grade: 6 cow(s)..
Turn 318:
> 581732
312875
Grade: 6 cow(s)..
Turn 319:
> 851732
312875
Grade: 6 cow(s)..
Turn 320:
> 158732
312875
Grade: 6 cow(s)..
Turn 321:
> 518732
312875
Grade: 1 bull(s) and 5 cow(s)..
Turn 322:
> 318752
312875
Grade: 2 bull(s) and 4 cow(s)..
Turn 323:
> 138752
312875
Grade: 6 cow(s)..
Turn 324:
> 831752
312875
Grade: 6 cow(s)..
Turn 325:
> 381752
312875
Grade: 1 bull(s) and 5 cow(s)..
Turn 326:
> 183752
312875
Grade: 6 cow(s)..
Turn 327:
> 813752
312875
Grade: 1 bull(s) and 5 cow(s)..
Turn 328:
> 713852
312875
Grade: 2 bull(s) and 4 cow(s)..
Turn 329:
> 173852
312875
Grade: 1 bull(s) and 5 cow(s)..
Turn 330:
> 371852
312875
Grade: 2 bull(s) and 4 cow(s)..
Turn 331:
> 731852
312875
Grade: 1 bull(s) and 5 cow(s)..
Turn 332:
> 137852
312875
Grade: 1 bull(s) and 5 cow(s)..
Turn 333:
> 317852
312875
Grade: 3 bull(s) and 3 cow(s)..
Turn 334:
> 387152
312875
Grade: 1 bull(s) and 5 cow(s)..
Turn 335:
> 837152
312875
Grade: 6 cow(s)..
Turn 336:
> 738152
312875
Grade: 6 cow(s)..
Turn 337:
> 378152
312875
Grade: 1 bull(s) and 5 cow(s)..
Turn 338:
> 873152
312875
Grade: 6 cow(s)..
Turn 339:
> 783152
312875
Grade: 6 cow(s)..
Turn 340:
> 781352
312875
Grade: 6 cow(s)..
Turn 341:
> 871352
312875
Grade: 6 cow(s)..
Turn 342:
> 178352
312875
Grade: 6 cow(s)..
Turn 343:
> 718352
312875
Grade: 1 bull(s) and 5 cow(s)..
Turn 344:
> 817352
312875
Grade: 1 bull(s) and 5 cow(s)..
Turn 345:
> 187352
312875
Grade: 6 cow(s)..
Turn 346:
> 587312
312875
Grade: 6 cow(s)..
Turn 347:
> 857312
312875
Grade: 6 cow(s)..
Turn 348:
> 758312
312875
Grade: 6 cow(s)..
Turn 349:
> 578312
312875
Grade: 6 cow(s)..
Turn 350:
> 875312
312875
Grade: 6 cow(s)..
Turn 351:
> 785312
312875
Grade: 6 cow(s)..
Turn 352:
> 385712
312875
Grade: 1 bull(s) and 5 cow(s)..
Turn 353:
> 835712
312875
Grade: 6 cow(s)..
Turn 354:
> 538712
312875
Grade: 6 cow(s)..
Turn 355:
> 358712
312875
Grade: 1 bull(s) and 5 cow(s)..
Turn 356:
> 853712
312875
Grade: 6 cow(s)..
Turn 357:
> 583712
312875
Grade: 6 cow(s)..
Turn 358:
> 573812
312875
Grade: 1 bull(s) and 5 cow(s)..
Turn 359:
> 753812
312875
Grade: 1 bull(s) and 5 cow(s)..
Turn 360:
> 357812
312875
Grade: 2 bull(s) and 4 cow(s)..
Turn 361:
> 537812
312875
Grade: 1 bull(s) and 5 cow(s)..
Turn 362:
> 735812
312875
Grade: 1 bull(s) and 5 cow(s)..
Turn 363:
> 375812
312875
Grade: 2 bull(s) and 4 cow(s)..
Turn 364:
> 378512
312875
Grade: 1 bull(s) and 5 cow(s)..
Turn 365:
> 738512
312875
Grade: 6 cow(s)..
Turn 366:
> 837512
312875
Grade: 6 cow(s)..
Turn 367:
> 387512
312875
Grade: 1 bull(s) and 5 cow(s)..
Turn 368:
> 783512
312875
Grade: 6 cow(s)..
Turn 369:
> 873512
312875
Grade: 6 cow(s)..
Turn 370:
> 872513
312875
Grade: 1 bull(s) and 5 cow(s)..
Turn 371:
> 782513
312875
Grade: 1 bull(s) and 5 cow(s)..
Turn 372:
> 287513
312875
Grade: 6 cow(s)..
Turn 373:
> 827513
312875
Grade: 6 cow(s)..
Turn 374:
> 728513
312875
Grade: 6 cow(s)..
Turn 375:
> 278513
312875
Grade: 6 cow(s)..
Turn 376:
> 578213
312875
Grade: 6 cow(s)..
Turn 377:
> 758213
312875
Grade: 6 cow(s)..
Turn 378:
> 857213
312875
Grade: 6 cow(s)..
Turn 379:
> 587213
312875
Grade: 6 cow(s)..
Turn 380:
> 785213
312875
Grade: 6 cow(s)..
Turn 381:
> 875213
312875
Grade: 6 cow(s)..
Turn 382:
> 825713
312875
Grade: 6 cow(s)..
Turn 383:
> 285713
312875
Grade: 6 cow(s)..
Turn 384:
> 582713
312875
Grade: 1 bull(s) and 5 cow(s)..
Turn 385:
> 852713
312875
Grade: 1 bull(s) and 5 cow(s)..
Turn 386:
> 258713
312875
Grade: 6 cow(s)..
Turn 387:
> 528713
312875
Grade: 6 cow(s)..
Turn 388:
> 527813
312875
Grade: 1 bull(s) and 5 cow(s)..
Turn 389:
> 257813
312875
Grade: 1 bull(s) and 5 cow(s)..
Turn 390:
> 752813
312875
Grade: 2 bull(s) and 4 cow(s)..
Turn 391:
> 572813
312875
Grade: 2 bull(s) and 4 cow(s)..
Turn 392:
> 275813
312875
Grade: 1 bull(s) and 5 cow(s)..
Turn 393:
> 725813
312875
Grade: 1 bull(s) and 5 cow(s)..
Turn 394:
> 125873
312875
Grade: 2 bull(s) and 4 cow(s)..
Turn 395:
> 215873
312875
Grade: 3 bull(s) and 3 cow(s)..
Turn 396:
> 512873
312875
Grade: 4 bull(s) and 2 cow(s)..
Turn 397:
> 152873
312875
Grade: 3 bull(s) and 3 cow(s)..
Turn 398:
> 251873
312875
Grade: 2 bull(s) and 4 cow(s)..
Turn 399:
> 521873
312875
Grade: 2 bull(s) and 4 cow(s)..
Turn 400:
> 821573
312875
Grade: 1 bull(s) and 5 cow(s)..
Turn 401:
> 281573
312875
Grade: 1 bull(s) and 5 cow(s)..
Turn 402:
> 182573
312875
Grade: 2 bull(s) and 4 cow(s)..
Turn 403:
> 812573
312875
Grade: 3 bull(s) and 3 cow(s)..
Turn 404:
> 218573
312875
Grade: 2 bull(s) and 4 cow(s)..
Turn 405:
> 128573
312875
Grade: 1 bull(s) and 5 cow(s)..
Turn 406:
> 158273
312875
Grade: 1 bull(s) and 5 cow(s)..
Turn 407:
> 518273
312875
Grade: 2 bull(s) and 4 cow(s)..
Turn 408:
> 815273
312875
Grade: 2 bull(s) and 4 cow(s)..
Turn 409:
> 185273
312875
Grade: 1 bull(s) and 5 cow(s)..
Turn 410:
> 581273
312875
Grade: 1 bull(s) and 5 cow(s)..
Turn 411:
> 851273
312875
Grade: 1 bull(s) and 5 cow(s)..
Turn 412:
> 852173
312875
Grade: 2 bull(s) and 4 cow(s)..
Turn 413:
> 582173
312875
Grade: 2 bull(s) and 4 cow(s)..
Turn 414:
> 285173
312875
Grade: 1 bull(s) and 5 cow(s)..
Turn 415:
> 825173
312875
Grade: 1 bull(s) and 5 cow(s)..
Turn 416:
> 528173
312875
Grade: 1 bull(s) and 5 cow(s)..
Turn 417:
> 258173
312875
Grade: 1 bull(s) and 5 cow(s)..
Turn 418:
> 758123
312875
Grade: 6 cow(s)..
Turn 419:
> 578123
312875
Grade: 6 cow(s)..
Turn 420:
> 875123
312875
Grade: 6 cow(s)..
Turn 421:
> 785123
312875
Grade: 6 cow(s)..
Turn 422:
> 587123
312875
Grade: 6 cow(s)..
Turn 423:
> 857123
312875
Grade: 6 cow(s)..
Turn 424:
> 157823
312875
Grade: 1 bull(s) and 5 cow(s)..
Turn 425:
> 517823
312875
Grade: 2 bull(s) and 4 cow(s)..
Turn 426:
> 715823
312875
Grade: 2 bull(s) and 4 cow(s)..
Turn 427:
> 175823
312875
Grade: 1 bull(s) and 5 cow(s)..
Turn 428:
> 571823
312875
Grade: 1 bull(s) and 5 cow(s)..
Turn 429:
> 751823
312875
Grade: 1 bull(s) and 5 cow(s)..
Turn 430:
> 781523
312875
Grade: 6 cow(s)..
Turn 431:
> 871523
312875
Grade: 6 cow(s)..
Turn 432:
> 178523
312875
Grade: 6 cow(s)..
Turn 433:
> 718523
312875
Grade: 1 bull(s) and 5 cow(s)..
Turn 434:
> 817523
312875
Grade: 1 bull(s) and 5 cow(s)..
Turn 435:
> 187523
312875
Grade: 6 cow(s)..
Turn 436:
> 185723
312875
Grade: 6 cow(s)..
Turn 437:
> 815723
312875
Grade: 1 bull(s) and 5 cow(s)..
Turn 438:
> 518723
312875
Grade: 1 bull(s) and 5 cow(s)..
Turn 439:
> 158723
312875
Grade: 6 cow(s)..
Turn 440:
> 851723
312875
Grade: 6 cow(s)..
Turn 441:
> 581723
312875
Grade: 6 cow(s)..
Turn 442:
> 281753
312875
Grade: 6 cow(s)..
Turn 443:
> 821753
312875
Grade: 6 cow(s)..
Turn 444:
> 128753
312875
Grade: 6 cow(s)..
Turn 445:
> 218753
312875
Grade: 1 bull(s) and 5 cow(s)..
Turn 446:
> 812753
312875
Grade: 2 bull(s) and 4 cow(s)..
Turn 447:
> 182753
312875
Grade: 1 bull(s) and 5 cow(s)..
Turn 448:
> 782153
312875
Grade: 1 bull(s) and 5 cow(s)..
Turn 449:
> 872153
312875
Grade: 1 bull(s) and 5 cow(s)..
Turn 450:
> 278153
312875
Grade: 6 cow(s)..
Turn 451:
> 728153
312875
Grade: 6 cow(s)..
Turn 452:
> 827153
312875
Grade: 6 cow(s)..
Turn 453:
> 287153
312875
Grade: 6 cow(s)..
Turn 454:
> 217853
312875
Grade: 2 bull(s) and 4 cow(s)..
Turn 455:
> 127853
312875
Grade: 1 bull(s) and 5 cow(s)..
Turn 456:
> 721853
312875
Grade: 1 bull(s) and 5 cow(s)..
Turn 457:
> 271853
312875
Grade: 1 bull(s) and 5 cow(s)..
Turn 458:
> 172853
312875
Grade: 2 bull(s) and 4 cow(s)..
Turn 459:
> 712853
312875
Grade: 3 bull(s) and 3 cow(s)..
Turn 460:
> 718253
312875
Grade: 1 bull(s) and 5 cow(s)..
Turn 461:
> 178253
312875
Grade: 6 cow(s)..
Turn 462:
> 871253
312875
Grade: 6 cow(s)..
Turn 463:
> 781253
312875
Grade: 6 cow(s)..
Turn 464:
> 187253
312875
Grade: 6 cow(s)..
Turn 465:
> 817253
312875
Grade: 1 bull(s) and 5 cow(s)..
Turn 466:
> 517283
312875
Grade: 1 bull(s) and 5 cow(s)..
Turn 467:
> 157283
312875
Grade: 6 cow(s)..
Turn 468:
> 751283
312875
Grade: 6 cow(s)..
Turn 469:
> 571283
312875
Grade: 6 cow(s)..
Turn 470:
> 175283
312875
Grade: 6 cow(s)..
Turn 471:
> 715283
312875
Grade: 1 bull(s) and 5 cow(s)..
Turn 472:
> 215783
312875
Grade: 1 bull(s) and 5 cow(s)..
Turn 473:
> 125783
312875
Grade: 6 cow(s)..
Turn 474:
> 521783
312875
Grade: 6 cow(s)..
Turn 475:
> 251783
312875
Grade: 6 cow(s)..
Turn 476:
> 152783
312875
Grade: 1 bull(s) and 5 cow(s)..
Turn 477:
> 512783
312875
Grade: 2 bull(s) and 4 cow(s)..
Turn 478:
> 572183
312875
Grade: 1 bull(s) and 5 cow(s)..
Turn 479:
> 752183
312875
Grade: 1 bull(s) and 5 cow(s)..
Turn 480:
> 257183
312875
Grade: 6 cow(s)..
Turn 481:
> 527183
312875
Grade: 6 cow(s)..
Turn 482:
> 725183
312875
Grade: 6 cow(s)..
Turn 483:
> 275183
312875
Grade: 6 cow(s)..
Turn 484:
> 271583
312875
Grade: 6 cow(s)..
Turn 485:
> 721583
312875
Grade: 6 cow(s)..
Turn 486:
> 127583
312875
Grade: 6 cow(s)..
Turn 487:
> 217583
312875
Grade: 1 bull(s) and 5 cow(s)..
Turn 488:
> 712583
312875
Grade: 2 bull(s) and 4 cow(s)..
Turn 489:
> 172583
312875
Grade: 1 bull(s) and 5 cow(s)..
Turn 490:
> 172385
312875
Grade: 2 bull(s) and 4 cow(s)..
Turn 491:
> 712385
312875
Grade: 3 bull(s) and 3 cow(s)..
Turn 492:
> 217385
312875
Grade: 2 bull(s) and 4 cow(s)..
Turn 493:
> 127385
312875
Grade: 1 bull(s) and 5 cow(s)..
Turn 494:
> 721385
312875
Grade: 1 bull(s) and 5 cow(s)..
Turn 495:
> 271385
312875
Grade: 1 bull(s) and 5 cow(s)..
Turn 496:
> 371285
312875
Grade: 2 bull(s) and 4 cow(s)..
Turn 497:
> 731285
312875
Grade: 1 bull(s) and 5 cow(s)..
Turn 498:
> 137285
312875
Grade: 1 bull(s) and 5 cow(s)..
Turn 499:
> 317285
312875
Grade: 3 bull(s) and 3 cow(s)..
Turn 500:
> 713285
312875
Grade: 2 bull(s) and 4 cow(s)..
Turn 501:
> 173285
312875
Grade: 1 bull(s) and 5 cow(s)..
Turn 502:
> 123785
312875
Grade: 1 bull(s) and 5 cow(s)..
Turn 503:
> 213785
312875
Grade: 2 bull(s) and 4 cow(s)..
Turn 504:
> 312785
312875
Grade: 4 bull(s) and 2 cow(s)..
Turn 505:
> 132785
312875
Grade: 2 bull(s) and 4 cow(s)..
Turn 506:
> 231785
312875
Grade: 1 bull(s) and 5 cow(s)..
Turn 507:
> 321785
312875
Grade: 2 bull(s) and 4 cow(s)..
Turn 508:
> 327185
312875
Grade: 2 bull(s) and 4 cow(s)..
Turn 509:
> 237185
312875
Grade: 1 bull(s) and 5 cow(s)..
Turn 510:
> 732185
312875
Grade: 2 bull(s) and 4 cow(s)..
Turn 511:
> 372185
312875
Grade: 3 bull(s) and 3 cow(s)..
Turn 512:
> 273185
312875
Grade: 1 bull(s) and 5 cow(s)..
Turn 513:
> 723185
312875
Grade: 1 bull(s) and 5 cow(s)..
Turn 514:
> 823175
312875
Grade: 2 bull(s) and 4 cow(s)..
Turn 515:
> 283175
312875
Grade: 2 bull(s) and 4 cow(s)..
Turn 516:
> 382175
312875
Grade: 4 bull(s) and 2 cow(s)..
Turn 517:
> 832175
312875
Grade: 3 bull(s) and 3 cow(s)..
Turn 518:
> 238175
312875
Grade: 2 bull(s) and 4 cow(s)..
Turn 519:
> 328175
312875
Grade: 3 bull(s) and 3 cow(s)..
Turn 520:
> 128375
312875
Grade: 2 bull(s) and 4 cow(s)..
Turn 521:
> 218375
312875
Grade: 3 bull(s) and 3 cow(s)..
Turn 522:
> 812375
312875
Grade: 4 bull(s) and 2 cow(s)..
Turn 523:
> 182375
312875
Grade: 3 bull(s) and 3 cow(s)..
Turn 524:
> 281375
312875
Grade: 2 bull(s) and 4 cow(s)..
Turn 525:
> 821375
312875
Grade: 2 bull(s) and 4 cow(s)..
Turn 526:
> 831275
312875
Grade: 2 bull(s) and 4 cow(s)..
Turn 527:
> 381275
312875
Grade: 3 bull(s) and 3 cow(s)..
Turn 528:
> 183275
312875
Grade: 2 bull(s) and 4 cow(s)..
Turn 529:
> 813275
312875
Grade: 3 bull(s) and 3 cow(s)..
Turn 530:
> 318275
312875
Grade: 4 bull(s) and 2 cow(s)..
Turn 531:
> 138275
312875
Grade: 2 bull(s) and 4 cow(s)..
Turn 532:
> 132875
312875
Grade: 4 bull(s) and 2 cow(s)..
Turn 533:
> 312875
312875
Grade: 6 bull(s)..
Congratulations! You guessed the secret code.
?[1;31m
Start test 4?[0m
Please, enter the secret code's length:
> 11
Error: can't generate a secret number with a length of 11 because there aren't enough unique digits.
]]></system-out>
  <system-err><![CDATA[]]></system-err>
</testsuite>
